<?xml version="1.0" encoding="UTF-8"?>
<testng-results ignored="0" total="2" passed="2" failed="0" skipped="0">
  <reporter-output>
  </reporter-output>
  <suite started-at="2025-09-24T11:08:05 IST" name="AllureDemoSuite" finished-at="2025-09-24T11:08:05 IST" duration-ms="422">
    <groups>
    </groups>
    <test started-at="2025-09-24T11:08:05 IST" name="AllureDemoTests" finished-at="2025-09-24T11:08:05 IST" duration-ms="422">
      <class name="com.example.AppTest">
        <test-method signature="testAddition()[pri:0, instance:com.example.AppTest@2ea41516]" started-at="2025-09-24T11:08:05 IST" name="testAddition" finished-at="2025-09-24T11:08:05 IST" duration-ms="156" status="PASS">
          <reporter-output>
          </reporter-output>
        </test-method> <!-- testAddition -->
        <test-method signature="testsub()[pri:0, instance:com.example.AppTest@2ea41516]" started-at="2025-09-24T11:08:05 IST" name="testsub" finished-at="2025-09-24T11:08:05 IST" duration-ms="0" status="PASS">
          <reporter-output>
          </reporter-output>
        </test-method> <!-- testsub -->
      </class> <!-- com.example.AppTest -->
    </test> <!-- AllureDemoTests -->
  </suite> <!-- AllureDemoSuite -->
</testng-results>
